{"/Users/mmewari/github-personal/ds-exercises/queue/queue.js": {"path":"/Users/mmewari/github-personal/ds-exercises/queue/queue.js","statementMap":{"0":{"start":{"line":3,"column":4},"end":{"line":3,"column":35}},"1":{"start":{"line":4,"column":4},"end":{"line":4,"column":19}},"2":{"start":{"line":5,"column":4},"end":{"line":5,"column":24}},"3":{"start":{"line":6,"column":4},"end":{"line":6,"column":22}},"4":{"start":{"line":9,"column":0},"end":{"line":15,"column":1}},"5":{"start":{"line":11,"column":4},"end":{"line":14,"column":5}},"6":{"start":{"line":13,"column":8},"end":{"line":13,"column":46}},"7":{"start":{"line":17,"column":0},"end":{"line":25,"column":1}},"8":{"start":{"line":19,"column":4},"end":{"line":24,"column":5}},"9":{"start":{"line":21,"column":27},"end":{"line":21,"column":56}},"10":{"start":{"line":22,"column":8},"end":{"line":22,"column":47}},"11":{"start":{"line":23,"column":8},"end":{"line":23,"column":28}},"12":{"start":{"line":27,"column":0},"end":{"line":29,"column":1}},"13":{"start":{"line":28,"column":4},"end":{"line":28,"column":69}},"14":{"start":{"line":31,"column":0},"end":{"line":33,"column":1}},"15":{"start":{"line":32,"column":4},"end":{"line":32,"column":45}},"16":{"start":{"line":35,"column":0},"end":{"line":42,"column":1}},"17":{"start":{"line":36,"column":4},"end":{"line":40,"column":5}},"18":{"start":{"line":36,"column":15},"end":{"line":36,"column":30}},"19":{"start":{"line":37,"column":8},"end":{"line":39,"column":9}},"20":{"start":{"line":38,"column":12},"end":{"line":38,"column":24}},"21":{"start":{"line":41,"column":4},"end":{"line":41,"column":17}},"22":{"start":{"line":44,"column":0},"end":{"line":46,"column":1}},"23":{"start":{"line":45,"column":4},"end":{"line":45,"column":58}},"24":{"start":{"line":48,"column":0},"end":{"line":48,"column":23}}},"fnMap":{"0":{"name":"Queue","decl":{"start":{"line":2,"column":9},"end":{"line":2,"column":14}},"loc":{"start":{"line":2,"column":28},"end":{"line":7,"column":1}},"line":2},"1":{"name":"(anonymous_1)","decl":{"start":{"line":9,"column":26},"end":{"line":9,"column":27}},"loc":{"start":{"line":9,"column":42},"end":{"line":15,"column":1}},"line":9},"2":{"name":"(anonymous_2)","decl":{"start":{"line":17,"column":26},"end":{"line":17,"column":27}},"loc":{"start":{"line":17,"column":37},"end":{"line":25,"column":1}},"line":17},"3":{"name":"(anonymous_3)","decl":{"start":{"line":27,"column":23},"end":{"line":27,"column":24}},"loc":{"start":{"line":27,"column":34},"end":{"line":29,"column":1}},"line":27},"4":{"name":"(anonymous_4)","decl":{"start":{"line":31,"column":24},"end":{"line":31,"column":25}},"loc":{"start":{"line":31,"column":35},"end":{"line":33,"column":1}},"line":31},"5":{"name":"(anonymous_5)","decl":{"start":{"line":35,"column":27},"end":{"line":35,"column":28}},"loc":{"start":{"line":35,"column":43},"end":{"line":42,"column":1}},"line":35},"6":{"name":"(anonymous_6)","decl":{"start":{"line":44,"column":24},"end":{"line":44,"column":25}},"loc":{"start":{"line":44,"column":40},"end":{"line":46,"column":1}},"line":44}},"branchMap":{"0":{"loc":{"start":{"line":11,"column":4},"end":{"line":14,"column":5}},"type":"if","locations":[{"start":{"line":11,"column":4},"end":{"line":14,"column":5}},{"start":{"line":11,"column":4},"end":{"line":14,"column":5}}],"line":11},"1":{"loc":{"start":{"line":19,"column":4},"end":{"line":24,"column":5}},"type":"if","locations":[{"start":{"line":19,"column":4},"end":{"line":24,"column":5}},{"start":{"line":19,"column":4},"end":{"line":24,"column":5}}],"line":19},"2":{"loc":{"start":{"line":28,"column":11},"end":{"line":28,"column":68}},"type":"cond-expr","locations":[{"start":{"line":28,"column":31},"end":{"line":28,"column":58}},{"start":{"line":28,"column":59},"end":{"line":28,"column":68}}],"line":28},"3":{"loc":{"start":{"line":37,"column":8},"end":{"line":39,"column":9}},"type":"if","locations":[{"start":{"line":37,"column":8},"end":{"line":39,"column":9}},{"start":{"line":37,"column":8},"end":{"line":39,"column":9}}],"line":37},"4":{"loc":{"start":{"line":45,"column":12},"end":{"line":45,"column":56}},"type":"binary-expr","locations":[{"start":{"line":45,"column":12},"end":{"line":45,"column":28}},{"start":{"line":45,"column":32},"end":{"line":45,"column":56}}],"line":45}},"s":{"0":12,"1":12,"2":12,"3":12,"4":1,"5":44,"6":43,"7":1,"8":14,"9":14,"10":14,"11":14,"12":1,"13":3,"14":1,"15":81,"16":1,"17":2,"18":2,"19":7,"20":1,"21":1,"22":1,"23":2,"24":1},"f":{"0":12,"1":44,"2":14,"3":3,"4":81,"5":2,"6":2},"b":{"0":[43,1],"1":[14,0],"2":[3,0],"3":[1,6],"4":[8,7]},"_coverageSchema":"43e27e138ebf9cfc5966b082cf9a028302ed4184","hash":"c61d06adc3ee441f46c98581d1ab147d226a4b2c"}
,"/Users/mmewari/github-personal/ds-exercises/stacks/checkbrackets.js": {"path":"/Users/mmewari/github-personal/ds-exercises/stacks/checkbrackets.js","statementMap":{"0":{"start":{"line":1,"column":14},"end":{"line":1,"column":32}},"1":{"start":{"line":4,"column":22},"end":{"line":4,"column":51}},"2":{"start":{"line":5,"column":16},"end":{"line":5,"column":17}},"3":{"start":{"line":7,"column":4},"end":{"line":7,"column":124}},"4":{"start":{"line":7,"column":50},"end":{"line":7,"column":121}},"5":{"start":{"line":9,"column":4},"end":{"line":23,"column":5}},"6":{"start":{"line":11,"column":28},"end":{"line":11,"column":45}},"7":{"start":{"line":13,"column":8},"end":{"line":21,"column":9}},"8":{"start":{"line":14,"column":12},"end":{"line":14,"column":25}},"9":{"start":{"line":16,"column":13},"end":{"line":21,"column":9}},"10":{"start":{"line":17,"column":12},"end":{"line":17,"column":21}},"11":{"start":{"line":19,"column":13},"end":{"line":21,"column":9}},"12":{"start":{"line":20,"column":12},"end":{"line":20,"column":21}},"13":{"start":{"line":24,"column":4},"end":{"line":24,"column":24}},"14":{"start":{"line":28,"column":0},"end":{"line":28,"column":31}}},"fnMap":{"0":{"name":"checkBrackets","decl":{"start":{"line":3,"column":9},"end":{"line":3,"column":22}},"loc":{"start":{"line":3,"column":36},"end":{"line":25,"column":1}},"line":3},"1":{"name":"(anonymous_1)","decl":{"start":{"line":7,"column":36},"end":{"line":7,"column":37}},"loc":{"start":{"line":7,"column":50},"end":{"line":7,"column":121}},"line":7}},"branchMap":{"0":{"loc":{"start":{"line":7,"column":50},"end":{"line":7,"column":121}},"type":"binary-expr","locations":[{"start":{"line":7,"column":51},"end":{"line":7,"column":68}},{"start":{"line":7,"column":72},"end":{"line":7,"column":89}},{"start":{"line":7,"column":94},"end":{"line":7,"column":121}}],"line":7},"1":{"loc":{"start":{"line":13,"column":8},"end":{"line":21,"column":9}},"type":"if","locations":[{"start":{"line":13,"column":8},"end":{"line":21,"column":9}},{"start":{"line":13,"column":8},"end":{"line":21,"column":9}}],"line":13},"2":{"loc":{"start":{"line":13,"column":11},"end":{"line":13,"column":47}},"type":"binary-expr","locations":[{"start":{"line":13,"column":11},"end":{"line":13,"column":22}},{"start":{"line":13,"column":26},"end":{"line":13,"column":47}}],"line":13},"3":{"loc":{"start":{"line":16,"column":13},"end":{"line":21,"column":9}},"type":"if","locations":[{"start":{"line":16,"column":13},"end":{"line":21,"column":9}},{"start":{"line":16,"column":13},"end":{"line":21,"column":9}}],"line":16},"4":{"loc":{"start":{"line":19,"column":13},"end":{"line":21,"column":9}},"type":"if","locations":[{"start":{"line":19,"column":13},"end":{"line":21,"column":9}},{"start":{"line":19,"column":13},"end":{"line":21,"column":9}}],"line":19}},"s":{"0":1,"1":6,"2":6,"3":6,"4":94,"5":6,"6":26,"7":26,"8":0,"9":26,"10":14,"11":12,"12":12,"13":6,"14":1},"f":{"0":6,"1":94},"b":{"0":[94,82,26],"1":[0,26],"2":[26,4],"3":[14,12],"4":[12,0]},"_coverageSchema":"43e27e138ebf9cfc5966b082cf9a028302ed4184","hash":"bf6e6503be4e08104697997a2e3b8c5dcf94788d"}
,"/Users/mmewari/github-personal/ds-exercises/stacks/minstack.js": {"path":"/Users/mmewari/github-personal/ds-exercises/stacks/minstack.js","statementMap":{"0":{"start":{"line":1,"column":14},"end":{"line":1,"column":32}},"1":{"start":{"line":4,"column":4},"end":{"line":4,"column":41}},"2":{"start":{"line":5,"column":4},"end":{"line":5,"column":44}},"3":{"start":{"line":8,"column":0},"end":{"line":21,"column":1}},"4":{"start":{"line":9,"column":25},"end":{"line":9,"column":45}},"5":{"start":{"line":11,"column":4},"end":{"line":18,"column":5}},"6":{"start":{"line":13,"column":8},"end":{"line":13,"column":32}},"7":{"start":{"line":17,"column":8},"end":{"line":17,"column":43}},"8":{"start":{"line":19,"column":4},"end":{"line":19,"column":42}},"9":{"start":{"line":20,"column":4},"end":{"line":20,"column":25}},"10":{"start":{"line":23,"column":0},"end":{"line":26,"column":1}},"11":{"start":{"line":24,"column":4},"end":{"line":24,"column":24}},"12":{"start":{"line":25,"column":4},"end":{"line":25,"column":28}},"13":{"start":{"line":28,"column":0},"end":{"line":30,"column":1}},"14":{"start":{"line":29,"column":4},"end":{"line":29,"column":32}},"15":{"start":{"line":32,"column":0},"end":{"line":32,"column":26}}},"fnMap":{"0":{"name":"MinStack","decl":{"start":{"line":3,"column":9},"end":{"line":3,"column":17}},"loc":{"start":{"line":3,"column":31},"end":{"line":6,"column":1}},"line":3},"1":{"name":"(anonymous_1)","decl":{"start":{"line":8,"column":26},"end":{"line":8,"column":27}},"loc":{"start":{"line":8,"column":40},"end":{"line":21,"column":1}},"line":8},"2":{"name":"(anonymous_2)","decl":{"start":{"line":23,"column":25},"end":{"line":23,"column":26}},"loc":{"start":{"line":23,"column":36},"end":{"line":26,"column":1}},"line":23},"3":{"name":"(anonymous_3)","decl":{"start":{"line":28,"column":25},"end":{"line":28,"column":26}},"loc":{"start":{"line":28,"column":36},"end":{"line":30,"column":1}},"line":28}},"branchMap":{"0":{"loc":{"start":{"line":11,"column":4},"end":{"line":18,"column":5}},"type":"if","locations":[{"start":{"line":11,"column":4},"end":{"line":18,"column":5}},{"start":{"line":11,"column":4},"end":{"line":18,"column":5}}],"line":11},"1":{"loc":{"start":{"line":11,"column":7},"end":{"line":11,"column":101}},"type":"binary-expr","locations":[{"start":{"line":11,"column":7},"end":{"line":11,"column":34}},{"start":{"line":11,"column":39},"end":{"line":11,"column":76}},{"start":{"line":11,"column":80},"end":{"line":11,"column":100}}],"line":11}},"s":{"0":1,"1":3,"2":3,"3":1,"4":22,"5":22,"6":13,"7":9,"8":22,"9":22,"10":1,"11":4,"12":4,"13":1,"14":8,"15":1},"f":{"0":3,"1":22,"2":4,"3":8},"b":{"0":[13,9],"1":[22,19,19]},"_coverageSchema":"43e27e138ebf9cfc5966b082cf9a028302ed4184","hash":"88f8785addcab1e3788fffb08b8dacd90b44e863"}
,"/Users/mmewari/github-personal/ds-exercises/stacks/queuestk.js": {"path":"/Users/mmewari/github-personal/ds-exercises/stacks/queuestk.js","statementMap":{"0":{"start":{"line":1,"column":14},"end":{"line":1,"column":32}},"1":{"start":{"line":4,"column":4},"end":{"line":4,"column":35}},"2":{"start":{"line":5,"column":4},"end":{"line":5,"column":44}},"3":{"start":{"line":6,"column":4},"end":{"line":6,"column":43}},"4":{"start":{"line":9,"column":0},"end":{"line":13,"column":1}},"5":{"start":{"line":10,"column":4},"end":{"line":12,"column":5}},"6":{"start":{"line":11,"column":8},"end":{"line":11,"column":33}},"7":{"start":{"line":15,"column":0},"end":{"line":21,"column":1}},"8":{"start":{"line":16,"column":4},"end":{"line":19,"column":5}},"9":{"start":{"line":18,"column":8},"end":{"line":18,"column":42}},"10":{"start":{"line":20,"column":4},"end":{"line":20,"column":31}},"11":{"start":{"line":23,"column":0},"end":{"line":27,"column":1}},"12":{"start":{"line":24,"column":4},"end":{"line":26,"column":5}},"13":{"start":{"line":25,"column":8},"end":{"line":25,"column":49}},"14":{"start":{"line":29,"column":0},"end":{"line":34,"column":1}},"15":{"start":{"line":30,"column":4},"end":{"line":32,"column":5}},"16":{"start":{"line":31,"column":8},"end":{"line":31,"column":42}},"17":{"start":{"line":33,"column":4},"end":{"line":33,"column":32}},"18":{"start":{"line":36,"column":0},"end":{"line":38,"column":1}},"19":{"start":{"line":37,"column":4},"end":{"line":37,"column":60}},"20":{"start":{"line":40,"column":0},"end":{"line":40,"column":26}}},"fnMap":{"0":{"name":"QueueStk","decl":{"start":{"line":3,"column":9},"end":{"line":3,"column":17}},"loc":{"start":{"line":3,"column":31},"end":{"line":7,"column":1}},"line":3},"1":{"name":"(anonymous_1)","decl":{"start":{"line":9,"column":29},"end":{"line":9,"column":30}},"loc":{"start":{"line":9,"column":43},"end":{"line":13,"column":1}},"line":9},"2":{"name":"(anonymous_2)","decl":{"start":{"line":15,"column":29},"end":{"line":15,"column":30}},"loc":{"start":{"line":15,"column":40},"end":{"line":21,"column":1}},"line":15},"3":{"name":"(anonymous_3)","decl":{"start":{"line":23,"column":48},"end":{"line":23,"column":49}},"loc":{"start":{"line":23,"column":59},"end":{"line":27,"column":1}},"line":23},"4":{"name":"(anonymous_4)","decl":{"start":{"line":29,"column":26},"end":{"line":29,"column":27}},"loc":{"start":{"line":29,"column":37},"end":{"line":34,"column":1}},"line":29},"5":{"name":"(anonymous_5)","decl":{"start":{"line":36,"column":27},"end":{"line":36,"column":28}},"loc":{"start":{"line":36,"column":38},"end":{"line":38,"column":1}},"line":36}},"branchMap":{"0":{"loc":{"start":{"line":10,"column":4},"end":{"line":12,"column":5}},"type":"if","locations":[{"start":{"line":10,"column":4},"end":{"line":12,"column":5}},{"start":{"line":10,"column":4},"end":{"line":12,"column":5}}],"line":10},"1":{"loc":{"start":{"line":16,"column":4},"end":{"line":19,"column":5}},"type":"if","locations":[{"start":{"line":16,"column":4},"end":{"line":19,"column":5}},{"start":{"line":16,"column":4},"end":{"line":19,"column":5}}],"line":16},"2":{"loc":{"start":{"line":30,"column":4},"end":{"line":32,"column":5}},"type":"if","locations":[{"start":{"line":30,"column":4},"end":{"line":32,"column":5}},{"start":{"line":30,"column":4},"end":{"line":32,"column":5}}],"line":30}},"s":{"0":1,"1":8,"2":8,"3":8,"4":1,"5":28,"6":27,"7":1,"8":7,"9":3,"10":7,"11":1,"12":4,"13":17,"14":1,"15":2,"16":1,"17":2,"18":1,"19":11,"20":1},"f":{"0":8,"1":28,"2":7,"3":4,"4":2,"5":11},"b":{"0":[27,1],"1":[3,4],"2":[1,1]},"_coverageSchema":"43e27e138ebf9cfc5966b082cf9a028302ed4184","hash":"00b20a01b25d343b572e48e7e7c8dfd5568ccee3"}
,"/Users/mmewari/github-personal/ds-exercises/stacks/stack.js": {"path":"/Users/mmewari/github-personal/ds-exercises/stacks/stack.js","statementMap":{"0":{"start":{"line":3,"column":4},"end":{"line":3,"column":23}},"1":{"start":{"line":4,"column":4},"end":{"line":4,"column":19}},"2":{"start":{"line":5,"column":4},"end":{"line":5,"column":32}},"3":{"start":{"line":8,"column":0},"end":{"line":18,"column":1}},"4":{"start":{"line":10,"column":4},"end":{"line":17,"column":5}},"5":{"start":{"line":12,"column":8},"end":{"line":12,"column":93}},"6":{"start":{"line":16,"column":8},"end":{"line":16,"column":44}},"7":{"start":{"line":20,"column":0},"end":{"line":32,"column":1}},"8":{"start":{"line":21,"column":4},"end":{"line":31,"column":5}},"9":{"start":{"line":23,"column":8},"end":{"line":23,"column":58}},"10":{"start":{"line":27,"column":27},"end":{"line":27,"column":54}},"11":{"start":{"line":28,"column":8},"end":{"line":28,"column":45}},"12":{"start":{"line":30,"column":8},"end":{"line":30,"column":28}},"13":{"start":{"line":35,"column":0},"end":{"line":44,"column":1}},"14":{"start":{"line":36,"column":4},"end":{"line":43,"column":5}},"15":{"start":{"line":38,"column":8},"end":{"line":38,"column":58}},"16":{"start":{"line":42,"column":8},"end":{"line":42,"column":43}},"17":{"start":{"line":46,"column":0},"end":{"line":48,"column":1}},"18":{"start":{"line":47,"column":4},"end":{"line":47,"column":22}},"19":{"start":{"line":50,"column":0},"end":{"line":59,"column":1}},"20":{"start":{"line":51,"column":4},"end":{"line":57,"column":5}},"21":{"start":{"line":51,"column":14},"end":{"line":51,"column":15}},"22":{"start":{"line":53,"column":8},"end":{"line":56,"column":9}},"23":{"start":{"line":55,"column":12},"end":{"line":55,"column":24}},"24":{"start":{"line":58,"column":4},"end":{"line":58,"column":17}},"25":{"start":{"line":61,"column":0},"end":{"line":63,"column":1}},"26":{"start":{"line":62,"column":4},"end":{"line":62,"column":69}},"27":{"start":{"line":65,"column":0},"end":{"line":65,"column":23}}},"fnMap":{"0":{"name":"Stack","decl":{"start":{"line":2,"column":9},"end":{"line":2,"column":14}},"loc":{"start":{"line":2,"column":28},"end":{"line":6,"column":1}},"line":2},"1":{"name":"(anonymous_1)","decl":{"start":{"line":8,"column":23},"end":{"line":8,"column":24}},"loc":{"start":{"line":8,"column":37},"end":{"line":18,"column":1}},"line":8},"2":{"name":"(anonymous_2)","decl":{"start":{"line":20,"column":22},"end":{"line":20,"column":23}},"loc":{"start":{"line":20,"column":33},"end":{"line":32,"column":1}},"line":20},"3":{"name":"(anonymous_3)","decl":{"start":{"line":35,"column":23},"end":{"line":35,"column":24}},"loc":{"start":{"line":35,"column":34},"end":{"line":44,"column":1}},"line":35},"4":{"name":"(anonymous_4)","decl":{"start":{"line":46,"column":24},"end":{"line":46,"column":25}},"loc":{"start":{"line":46,"column":35},"end":{"line":48,"column":1}},"line":46},"5":{"name":"(anonymous_5)","decl":{"start":{"line":50,"column":27},"end":{"line":50,"column":28}},"loc":{"start":{"line":50,"column":41},"end":{"line":59,"column":1}},"line":50},"6":{"name":"(anonymous_6)","decl":{"start":{"line":61,"column":24},"end":{"line":61,"column":25}},"loc":{"start":{"line":61,"column":38},"end":{"line":63,"column":1}},"line":61}},"branchMap":{"0":{"loc":{"start":{"line":10,"column":4},"end":{"line":17,"column":5}},"type":"if","locations":[{"start":{"line":10,"column":4},"end":{"line":17,"column":5}},{"start":{"line":10,"column":4},"end":{"line":17,"column":5}}],"line":10},"1":{"loc":{"start":{"line":21,"column":4},"end":{"line":31,"column":5}},"type":"if","locations":[{"start":{"line":21,"column":4},"end":{"line":31,"column":5}},{"start":{"line":21,"column":4},"end":{"line":31,"column":5}}],"line":21},"2":{"loc":{"start":{"line":36,"column":4},"end":{"line":43,"column":5}},"type":"if","locations":[{"start":{"line":36,"column":4},"end":{"line":43,"column":5}},{"start":{"line":36,"column":4},"end":{"line":43,"column":5}}],"line":36},"3":{"loc":{"start":{"line":53,"column":8},"end":{"line":56,"column":9}},"type":"if","locations":[{"start":{"line":53,"column":8},"end":{"line":56,"column":9}},{"start":{"line":53,"column":8},"end":{"line":56,"column":9}}],"line":53},"4":{"loc":{"start":{"line":62,"column":11},"end":{"line":62,"column":67}},"type":"binary-expr","locations":[{"start":{"line":62,"column":11},"end":{"line":62,"column":45}},{"start":{"line":62,"column":49},"end":{"line":62,"column":67}}],"line":62}},"s":{"0":62,"1":62,"2":62,"3":5,"4":246,"5":2,"6":244,"7":5,"8":138,"9":0,"10":138,"11":138,"12":138,"13":5,"14":75,"15":10,"16":65,"17":5,"18":150,"19":5,"20":2,"21":2,"22":6,"23":1,"24":1,"25":5,"26":2,"27":5},"f":{"0":62,"1":246,"2":138,"3":75,"4":150,"5":2,"6":2},"b":{"0":[2,244],"1":[0,138],"2":[10,65],"3":[1,5],"4":[8,7]},"_coverageSchema":"43e27e138ebf9cfc5966b082cf9a028302ed4184","hash":"3c8e2b87f3f044a62c574bb492953a40bd0f7cad"}
,"/Users/mmewari/github-personal/ds-exercises/stacks/towerofhanoi.js": {"path":"/Users/mmewari/github-personal/ds-exercises/stacks/towerofhanoi.js","statementMap":{"0":{"start":{"line":1,"column":14},"end":{"line":1,"column":32}},"1":{"start":{"line":4,"column":4},"end":{"line":4,"column":31}},"2":{"start":{"line":5,"column":4},"end":{"line":5,"column":39}},"3":{"start":{"line":6,"column":4},"end":{"line":6,"column":39}},"4":{"start":{"line":7,"column":4},"end":{"line":7,"column":39}},"5":{"start":{"line":9,"column":20},"end":{"line":9,"column":29}},"6":{"start":{"line":10,"column":4},"end":{"line":12,"column":5}},"7":{"start":{"line":11,"column":8},"end":{"line":11,"column":47}},"8":{"start":{"line":15,"column":0},"end":{"line":18,"column":1}},"9":{"start":{"line":17,"column":4},"end":{"line":17,"column":77}},"10":{"start":{"line":20,"column":0},"end":{"line":32,"column":1}},"11":{"start":{"line":22,"column":4},"end":{"line":31,"column":5}},"12":{"start":{"line":24,"column":8},"end":{"line":24,"column":62}},"13":{"start":{"line":26,"column":28},"end":{"line":26,"column":40}},"14":{"start":{"line":28,"column":8},"end":{"line":28,"column":35}},"15":{"start":{"line":30,"column":8},"end":{"line":30,"column":62}},"16":{"start":{"line":34,"column":0},"end":{"line":34,"column":30}}},"fnMap":{"0":{"name":"TowerOfHanoi","decl":{"start":{"line":3,"column":9},"end":{"line":3,"column":21}},"loc":{"start":{"line":3,"column":34},"end":{"line":13,"column":1}},"line":3},"1":{"name":"(anonymous_1)","decl":{"start":{"line":15,"column":42},"end":{"line":15,"column":43}},"loc":{"start":{"line":15,"column":54},"end":{"line":18,"column":1}},"line":15},"2":{"name":"(anonymous_2)","decl":{"start":{"line":20,"column":37},"end":{"line":20,"column":38}},"loc":{"start":{"line":20,"column":82},"end":{"line":32,"column":1}},"line":20}},"branchMap":{"0":{"loc":{"start":{"line":22,"column":4},"end":{"line":31,"column":5}},"type":"if","locations":[{"start":{"line":22,"column":4},"end":{"line":31,"column":5}},{"start":{"line":22,"column":4},"end":{"line":31,"column":5}}],"line":22}},"s":{"0":1,"1":8,"2":8,"3":8,"4":8,"5":8,"6":8,"7":32,"8":1,"9":4,"10":1,"11":124,"12":60,"13":60,"14":60,"15":60,"16":1},"f":{"0":8,"1":4,"2":124},"b":{"0":[60,64]},"_coverageSchema":"43e27e138ebf9cfc5966b082cf9a028302ed4184","hash":"e7517c44f17c88895f1f7a17c8c82fee92e22af1"}
}
