TN:
SF:/Users/mmewari/github-personal/ds-exercises/queue/queue.js
FN:2,Queue
FN:9,(anonymous_1)
FN:17,(anonymous_2)
FN:27,(anonymous_3)
FN:31,(anonymous_4)
FN:35,(anonymous_5)
FN:44,(anonymous_6)
FNF:7
FNH:7
FNDA:12,Queue
FNDA:44,(anonymous_1)
FNDA:14,(anonymous_2)
FNDA:3,(anonymous_3)
FNDA:81,(anonymous_4)
FNDA:2,(anonymous_5)
FNDA:2,(anonymous_6)
DA:3,12
DA:4,12
DA:5,12
DA:6,12
DA:9,1
DA:11,44
DA:13,43
DA:17,1
DA:19,14
DA:21,14
DA:22,14
DA:23,14
DA:27,1
DA:28,3
DA:31,1
DA:32,81
DA:35,1
DA:36,2
DA:37,7
DA:38,1
DA:41,1
DA:44,1
DA:45,2
DA:48,1
LF:24
LH:24
BRDA:11,0,0,43
BRDA:11,0,1,1
BRDA:19,1,0,14
BRDA:19,1,1,0
BRDA:28,2,0,3
BRDA:28,2,1,0
BRDA:37,3,0,1
BRDA:37,3,1,6
BRDA:45,4,0,8
BRDA:45,4,1,7
BRF:10
BRH:8
end_of_record
TN:
SF:/Users/mmewari/github-personal/ds-exercises/stacks/checkbrackets.js
FN:3,checkBrackets
FN:7,(anonymous_1)
FNF:2
FNH:2
FNDA:6,checkBrackets
FNDA:94,(anonymous_1)
DA:1,1
DA:4,6
DA:5,6
DA:7,94
DA:9,6
DA:11,26
DA:13,26
DA:14,0
DA:16,26
DA:17,14
DA:19,12
DA:20,12
DA:24,6
DA:28,1
LF:14
LH:13
BRDA:7,0,0,94
BRDA:7,0,1,82
BRDA:7,0,2,26
BRDA:13,1,0,0
BRDA:13,1,1,26
BRDA:13,2,0,26
BRDA:13,2,1,4
BRDA:16,3,0,14
BRDA:16,3,1,12
BRDA:19,4,0,12
BRDA:19,4,1,0
BRF:11
BRH:9
end_of_record
TN:
SF:/Users/mmewari/github-personal/ds-exercises/stacks/minstack.js
FN:3,MinStack
FN:8,(anonymous_1)
FN:23,(anonymous_2)
FN:28,(anonymous_3)
FNF:4
FNH:4
FNDA:3,MinStack
FNDA:22,(anonymous_1)
FNDA:4,(anonymous_2)
FNDA:8,(anonymous_3)
DA:1,1
DA:4,3
DA:5,3
DA:8,1
DA:9,22
DA:11,22
DA:13,13
DA:17,9
DA:19,22
DA:20,22
DA:23,1
DA:24,4
DA:25,4
DA:28,1
DA:29,8
DA:32,1
LF:16
LH:16
BRDA:11,0,0,13
BRDA:11,0,1,9
BRDA:11,1,0,22
BRDA:11,1,1,19
BRDA:11,1,2,19
BRF:5
BRH:5
end_of_record
TN:
SF:/Users/mmewari/github-personal/ds-exercises/stacks/queuestk.js
FN:3,QueueStk
FN:9,(anonymous_1)
FN:15,(anonymous_2)
FN:23,(anonymous_3)
FN:29,(anonymous_4)
FN:36,(anonymous_5)
FNF:6
FNH:6
FNDA:8,QueueStk
FNDA:28,(anonymous_1)
FNDA:7,(anonymous_2)
FNDA:4,(anonymous_3)
FNDA:2,(anonymous_4)
FNDA:11,(anonymous_5)
DA:1,1
DA:4,8
DA:5,8
DA:6,8
DA:9,1
DA:10,28
DA:11,27
DA:15,1
DA:16,7
DA:18,3
DA:20,7
DA:23,1
DA:24,4
DA:25,17
DA:29,1
DA:30,2
DA:31,1
DA:33,2
DA:36,1
DA:37,11
DA:40,1
LF:21
LH:21
BRDA:10,0,0,27
BRDA:10,0,1,1
BRDA:16,1,0,3
BRDA:16,1,1,4
BRDA:30,2,0,1
BRDA:30,2,1,1
BRF:6
BRH:6
end_of_record
TN:
SF:/Users/mmewari/github-personal/ds-exercises/stacks/stack.js
FN:2,Stack
FN:8,(anonymous_1)
FN:20,(anonymous_2)
FN:35,(anonymous_3)
FN:46,(anonymous_4)
FN:50,(anonymous_5)
FN:61,(anonymous_6)
FNF:7
FNH:7
FNDA:62,Stack
FNDA:246,(anonymous_1)
FNDA:138,(anonymous_2)
FNDA:75,(anonymous_3)
FNDA:150,(anonymous_4)
FNDA:2,(anonymous_5)
FNDA:2,(anonymous_6)
DA:3,62
DA:4,62
DA:5,62
DA:8,5
DA:10,246
DA:12,2
DA:16,244
DA:20,5
DA:21,138
DA:23,0
DA:27,138
DA:28,138
DA:30,138
DA:35,5
DA:36,75
DA:38,10
DA:42,65
DA:46,5
DA:47,150
DA:50,5
DA:51,2
DA:53,6
DA:55,1
DA:58,1
DA:61,5
DA:62,2
DA:65,5
LF:27
LH:26
BRDA:10,0,0,2
BRDA:10,0,1,244
BRDA:21,1,0,0
BRDA:21,1,1,138
BRDA:36,2,0,10
BRDA:36,2,1,65
BRDA:53,3,0,1
BRDA:53,3,1,5
BRDA:62,4,0,8
BRDA:62,4,1,7
BRF:10
BRH:9
end_of_record
TN:
SF:/Users/mmewari/github-personal/ds-exercises/stacks/towerofhanoi.js
FN:3,TowerOfHanoi
FN:15,(anonymous_1)
FN:20,(anonymous_2)
FNF:3
FNH:3
FNDA:8,TowerOfHanoi
FNDA:4,(anonymous_1)
FNDA:124,(anonymous_2)
DA:1,1
DA:4,8
DA:5,8
DA:6,8
DA:7,8
DA:9,8
DA:10,8
DA:11,32
DA:15,1
DA:17,4
DA:20,1
DA:22,124
DA:24,60
DA:26,60
DA:28,60
DA:30,60
DA:34,1
LF:17
LH:17
BRDA:22,0,0,60
BRDA:22,0,1,64
BRF:2
BRH:2
end_of_record
